<?xml version="1.0" encoding="UTF-8"?>
<testsuite name="com.cloncoding.book.springboot.domain.posts.PostsRepositoryTest" tests="2" skipped="0" failures="0" errors="0" timestamp="2022-08-17T07:42:52" hostname="DESKTOP-04I5B75" time="0.314">
  <properties/>
  <testcase name="게시글저장_불러오기()" classname="com.cloncoding.book.springboot.domain.posts.PostsRepositoryTest" time="0.286"/>
  <testcase name="BaseTimeEntity_등록()" classname="com.cloncoding.book.springboot.domain.posts.PostsRepositoryTest" time="0.027"/>
  <system-out><![CDATA[2022-08-17 16:42:47.798  INFO 12452 --- [    Test worker] .b.t.c.SpringBootTestContextBootstrapper : Neither @ContextConfiguration nor @ContextHierarchy found for test class [com.cloncoding.book.springboot.domain.posts.PostsRepositoryTest], using SpringBootContextLoader
2022-08-17 16:42:47.798  INFO 12452 --- [    Test worker] o.s.t.c.support.AbstractContextLoader    : Could not detect default resource locations for test class [com.cloncoding.book.springboot.domain.posts.PostsRepositoryTest]: no resource found for suffixes {-context.xml, Context.groovy}.
2022-08-17 16:42:47.800  INFO 12452 --- [    Test worker] t.c.s.AnnotationConfigContextLoaderUtils : Could not detect default configuration classes for test class [com.cloncoding.book.springboot.domain.posts.PostsRepositoryTest]: PostsRepositoryTest does not declare any static, non-private, non-final, nested classes annotated with @Configuration.
2022-08-17 16:42:47.809  INFO 12452 --- [    Test worker] .b.t.c.SpringBootTestContextBootstrapper : Found @SpringBootConfiguration com.cloncoding.book.springboot.Application for test class com.cloncoding.book.springboot.domain.posts.PostsRepositoryTest
2022-08-17 16:42:47.817  INFO 12452 --- [    Test worker] .b.t.c.SpringBootTestContextBootstrapper : Loaded default TestExecutionListener class names from location [META-INF/spring.factories]: [org.springframework.security.test.context.support.WithSecurityContextTestExecutionListener, org.springframework.security.test.context.support.ReactorContextTestExecutionListener, org.springframework.boot.test.autoconfigure.restdocs.RestDocsTestExecutionListener, org.springframework.boot.test.autoconfigure.web.client.MockRestServiceServerResetTestExecutionListener, org.springframework.boot.test.autoconfigure.web.servlet.MockMvcPrintOnlyOnFailureTestExecutionListener, org.springframework.boot.test.autoconfigure.web.servlet.WebDriverTestExecutionListener, org.springframework.boot.test.autoconfigure.webservices.client.MockWebServiceServerTestExecutionListener, org.springframework.boot.test.mock.mockito.MockitoTestExecutionListener, org.springframework.boot.test.mock.mockito.ResetMocksTestExecutionListener, org.springframework.test.context.web.ServletTestExecutionListener, org.springframework.test.context.support.DirtiesContextBeforeModesTestExecutionListener, org.springframework.test.context.event.ApplicationEventsTestExecutionListener, org.springframework.test.context.support.DependencyInjectionTestExecutionListener, org.springframework.test.context.support.DirtiesContextTestExecutionListener, org.springframework.test.context.transaction.TransactionalTestExecutionListener, org.springframework.test.context.jdbc.SqlScriptsTestExecutionListener, org.springframework.test.context.event.EventPublishingTestExecutionListener]
2022-08-17 16:42:47.817  INFO 12452 --- [    Test worker] .b.t.c.SpringBootTestContextBootstrapper : Using TestExecutionListeners: [org.springframework.test.context.web.ServletTestExecutionListener@201b6191, org.springframework.test.context.support.DirtiesContextBeforeModesTestExecutionListener@7bfd9c31, org.springframework.test.context.event.ApplicationEventsTestExecutionListener@3b67f327, org.springframework.boot.test.mock.mockito.MockitoTestExecutionListener@1f9b2dbb, org.springframework.boot.test.autoconfigure.SpringBootDependencyInjectionTestExecutionListener@64f7d030, org.springframework.test.context.support.DirtiesContextTestExecutionListener@73fcd48b, org.springframework.test.context.transaction.TransactionalTestExecutionListener@7786ef18, org.springframework.test.context.jdbc.SqlScriptsTestExecutionListener@31b6f2a6, org.springframework.security.test.context.support.WithSecurityContextTestExecutionListener@6b1ad2f0, org.springframework.test.context.event.EventPublishingTestExecutionListener@7ed71b94, org.springframework.security.test.context.support.ReactorContextTestExecutionListener@3ee9c579, org.springframework.boot.test.autoconfigure.restdocs.RestDocsTestExecutionListener@384c33c0, org.springframework.boot.test.autoconfigure.web.client.MockRestServiceServerResetTestExecutionListener@5fceb6b, org.springframework.boot.test.autoconfigure.web.servlet.MockMvcPrintOnlyOnFailureTestExecutionListener@43315bfb, org.springframework.boot.test.autoconfigure.web.servlet.WebDriverTestExecutionListener@33038ce9, org.springframework.boot.test.autoconfigure.webservices.client.MockWebServiceServerTestExecutionListener@6a886b7a, org.springframework.boot.test.mock.mockito.ResetMocksTestExecutionListener@8cd72f3]

  .   ____          _            __ _ _
 /\\ / ___'_ __ _ _(_)_ __  __ _ \ \ \ \
( ( )\___ | '_ | '_| | '_ \/ _` | \ \ \ \
 \\/  ___)| |_)| | | | | || (_| |  ) ) ) )
  '  |____| .__|_| |_|_| |_\__, | / / / /
 =========|_|==============|___/=/_/_/_/
 :: Spring Boot ::                (v2.6.6)

2022-08-17 16:42:47.851  INFO 12452 --- [    Test worker] c.c.b.s.d.posts.PostsRepositoryTest      : Starting PostsRepositoryTest using Java 11.0.15 on DESKTOP-04I5B75 with PID 12452 (started by jm.yoon in C:\IdeaWorkSpace\frBookCloneCoding)
2022-08-17 16:42:47.854  INFO 12452 --- [    Test worker] c.c.b.s.d.posts.PostsRepositoryTest      : No active profile set, falling back to 1 default profile: "default"
2022-08-17 16:42:48.348  INFO 12452 --- [    Test worker] .s.d.r.c.RepositoryConfigurationDelegate : Bootstrapping Spring Data JPA repositories in DEFAULT mode.
2022-08-17 16:42:48.424  INFO 12452 --- [    Test worker] .s.d.r.c.RepositoryConfigurationDelegate : Finished Spring Data repository scanning in 64 ms. Found 2 JPA repository interfaces.
2022-08-17 16:42:48.829  INFO 12452 --- [    Test worker] com.zaxxer.hikari.HikariDataSource       : HikariPool-1 - Starting...
2022-08-17 16:42:49.061  INFO 12452 --- [    Test worker] com.zaxxer.hikari.HikariDataSource       : HikariPool-1 - Start completed.
2022-08-17 16:42:49.302  INFO 12452 --- [    Test worker] o.hibernate.jpa.internal.util.LogHelper  : HHH000204: Processing PersistenceUnitInfo [name: default]
2022-08-17 16:42:49.381  INFO 12452 --- [    Test worker] org.hibernate.Version                    : HHH000412: Hibernate ORM core version 5.6.7.Final
2022-08-17 16:42:49.486  INFO 12452 --- [    Test worker] o.hibernate.annotations.common.Version   : HCANN000001: Hibernate Commons Annotations {5.1.2.Final}
2022-08-17 16:42:49.648  INFO 12452 --- [    Test worker] org.hibernate.dialect.Dialect            : HHH000400: Using dialect: org.hibernate.dialect.MySQL57Dialect
Hibernate: drop table if exists posts
Hibernate: drop table if exists user
Hibernate: create table posts (id bigint not null auto_increment, create_date datetime(6), modified_date datetime(6), author varchar(255), content TEXT not null, title varchar(500) not null, primary key (id)) engine=InnoDB
Hibernate: create table user (id bigint not null auto_increment, create_date datetime(6), modified_date datetime(6), email varchar(255) not null, name varchar(255) not null, picture varchar(255), role varchar(255) not null, primary key (id)) engine=InnoDB
2022-08-17 16:42:50.325  INFO 12452 --- [    Test worker] o.h.e.t.j.p.i.JtaPlatformInitiator       : HHH000490: Using JtaPlatform implementation: [org.hibernate.engine.transaction.jta.platform.internal.NoJtaPlatform]
2022-08-17 16:42:50.336  INFO 12452 --- [    Test worker] j.LocalContainerEntityManagerFactoryBean : Initialized JPA EntityManagerFactory for persistence unit 'default'
2022-08-17 16:42:50.911  WARN 12452 --- [    Test worker] JpaBaseConfiguration$JpaWebConfiguration : spring.jpa.open-in-view is enabled by default. Therefore, database queries may be performed during view rendering. Explicitly configure spring.jpa.open-in-view to disable this warning
2022-08-17 16:42:51.413  INFO 12452 --- [    Test worker] o.s.s.web.DefaultSecurityFilterChain     : Will not secure any request
2022-08-17 16:42:51.727  INFO 12452 --- [    Test worker] o.s.b.a.h2.H2ConsoleAutoConfiguration    : H2 console available at '/h2-console'. Database available at 'jdbc:h2:mem:testdb'
2022-08-17 16:42:51.758  INFO 12452 --- [    Test worker] o.s.b.a.w.s.WelcomePageHandlerMapping    : Adding welcome page template: index
2022-08-17 16:42:52.153  INFO 12452 --- [    Test worker] s.a.ScheduledAnnotationBeanPostProcessor : No TaskScheduler/ScheduledExecutorService bean found for scheduled processing
2022-08-17 16:42:52.164  INFO 12452 --- [    Test worker] c.c.b.s.d.posts.PostsRepositoryTest      : Started PostsRepositoryTest in 4.343 seconds (JVM running for 9.531)
Hibernate: insert into posts (create_date, modified_date, author, content, title) values (?, ?, ?, ?, ?)
Hibernate: select posts0_.id as id1_0_, posts0_.create_date as create_d2_0_, posts0_.modified_date as modified3_0_, posts0_.author as author4_0_, posts0_.content as content5_0_, posts0_.title as title6_0_ from posts posts0_
Hibernate: select posts0_.id as id1_0_, posts0_.create_date as create_d2_0_, posts0_.modified_date as modified3_0_, posts0_.author as author4_0_, posts0_.content as content5_0_, posts0_.title as title6_0_ from posts posts0_
Hibernate: delete from posts where id=?
Hibernate: insert into posts (create_date, modified_date, author, content, title) values (?, ?, ?, ?, ?)
Hibernate: select posts0_.id as id1_0_, posts0_.create_date as create_d2_0_, posts0_.modified_date as modified3_0_, posts0_.author as author4_0_, posts0_.content as content5_0_, posts0_.title as title6_0_ from posts posts0_
posts.getCreateDate() == 2022-08-17T16:42:52.460078  posts.getModifiedDate() == 2022-08-17T16:42:52.460078
Hibernate: select posts0_.id as id1_0_, posts0_.create_date as create_d2_0_, posts0_.modified_date as modified3_0_, posts0_.author as author4_0_, posts0_.content as content5_0_, posts0_.title as title6_0_ from posts posts0_
Hibernate: delete from posts where id=?
]]></system-out>
  <system-err><![CDATA[]]></system-err>
</testsuite>
