<?xml version="1.0" encoding="UTF-8"?>
<testsuite name="com.cloncoding.book.springboot.web.dto.IndexControllerTest" tests="1" skipped="0" failures="0" errors="0" timestamp="2022-08-17T07:42:54" hostname="DESKTOP-04I5B75" time="0.231">
  <properties/>
  <testcase name="메인페이지_로딩()" classname="com.cloncoding.book.springboot.web.dto.IndexControllerTest" time="0.231"/>
  <system-out><![CDATA[2022-08-17 16:42:52.494  INFO 12452 --- [    Test worker] .b.t.c.SpringBootTestContextBootstrapper : Neither @ContextConfiguration nor @ContextHierarchy found for test class [com.cloncoding.book.springboot.web.dto.IndexControllerTest], using SpringBootContextLoader
2022-08-17 16:42:52.494  INFO 12452 --- [    Test worker] o.s.t.c.support.AbstractContextLoader    : Could not detect default resource locations for test class [com.cloncoding.book.springboot.web.dto.IndexControllerTest]: no resource found for suffixes {-context.xml, Context.groovy}.
2022-08-17 16:42:52.494  INFO 12452 --- [    Test worker] t.c.s.AnnotationConfigContextLoaderUtils : Could not detect default configuration classes for test class [com.cloncoding.book.springboot.web.dto.IndexControllerTest]: IndexControllerTest does not declare any static, non-private, non-final, nested classes annotated with @Configuration.
2022-08-17 16:42:52.516  INFO 12452 --- [    Test worker] .b.t.c.SpringBootTestContextBootstrapper : Found @SpringBootConfiguration com.cloncoding.book.springboot.Application for test class com.cloncoding.book.springboot.web.dto.IndexControllerTest
2022-08-17 16:42:52.519  INFO 12452 --- [    Test worker] .b.t.c.SpringBootTestContextBootstrapper : Loaded default TestExecutionListener class names from location [META-INF/spring.factories]: [org.springframework.security.test.context.support.WithSecurityContextTestExecutionListener, org.springframework.security.test.context.support.ReactorContextTestExecutionListener, org.springframework.boot.test.autoconfigure.restdocs.RestDocsTestExecutionListener, org.springframework.boot.test.autoconfigure.web.client.MockRestServiceServerResetTestExecutionListener, org.springframework.boot.test.autoconfigure.web.servlet.MockMvcPrintOnlyOnFailureTestExecutionListener, org.springframework.boot.test.autoconfigure.web.servlet.WebDriverTestExecutionListener, org.springframework.boot.test.autoconfigure.webservices.client.MockWebServiceServerTestExecutionListener, org.springframework.boot.test.mock.mockito.MockitoTestExecutionListener, org.springframework.boot.test.mock.mockito.ResetMocksTestExecutionListener, org.springframework.test.context.web.ServletTestExecutionListener, org.springframework.test.context.support.DirtiesContextBeforeModesTestExecutionListener, org.springframework.test.context.event.ApplicationEventsTestExecutionListener, org.springframework.test.context.support.DependencyInjectionTestExecutionListener, org.springframework.test.context.support.DirtiesContextTestExecutionListener, org.springframework.test.context.transaction.TransactionalTestExecutionListener, org.springframework.test.context.jdbc.SqlScriptsTestExecutionListener, org.springframework.test.context.event.EventPublishingTestExecutionListener]
2022-08-17 16:42:52.519  INFO 12452 --- [    Test worker] .b.t.c.SpringBootTestContextBootstrapper : Using TestExecutionListeners: [org.springframework.test.context.web.ServletTestExecutionListener@6e99f203, org.springframework.test.context.support.DirtiesContextBeforeModesTestExecutionListener@46f9a6f, org.springframework.test.context.event.ApplicationEventsTestExecutionListener@2e2c1615, org.springframework.boot.test.mock.mockito.MockitoTestExecutionListener@153c9dc2, org.springframework.boot.test.autoconfigure.SpringBootDependencyInjectionTestExecutionListener@34947c8c, org.springframework.test.context.support.DirtiesContextTestExecutionListener@4c503493, org.springframework.test.context.transaction.TransactionalTestExecutionListener@2820fb2, org.springframework.test.context.jdbc.SqlScriptsTestExecutionListener@73a140ad, org.springframework.security.test.context.support.WithSecurityContextTestExecutionListener@64c62249, org.springframework.test.context.event.EventPublishingTestExecutionListener@297f76ee, org.springframework.security.test.context.support.ReactorContextTestExecutionListener@3b1213ec, org.springframework.boot.test.autoconfigure.restdocs.RestDocsTestExecutionListener@42cf880b, org.springframework.boot.test.autoconfigure.web.client.MockRestServiceServerResetTestExecutionListener@174e2e71, org.springframework.boot.test.autoconfigure.web.servlet.MockMvcPrintOnlyOnFailureTestExecutionListener@4554f270, org.springframework.boot.test.autoconfigure.web.servlet.WebDriverTestExecutionListener@6ef20445, org.springframework.boot.test.autoconfigure.webservices.client.MockWebServiceServerTestExecutionListener@50c35640, org.springframework.boot.test.mock.mockito.ResetMocksTestExecutionListener@3618d78f]

  .   ____          _            __ _ _
 /\\ / ___'_ __ _ _(_)_ __  __ _ \ \ \ \
( ( )\___ | '_ | '_| | '_ \/ _` | \ \ \ \
 \\/  ___)| |_)| | | | | || (_| |  ) ) ) )
  '  |____| .__|_| |_|_| |_\__, | / / / /
 =========|_|==============|___/=/_/_/_/
 :: Spring Boot ::                (v2.6.6)

2022-08-17 16:42:52.556  INFO 12452 --- [    Test worker] c.c.b.s.web.dto.IndexControllerTest      : Starting IndexControllerTest using Java 11.0.15 on DESKTOP-04I5B75 with PID 12452 (started by jm.yoon in C:\IdeaWorkSpace\frBookCloneCoding)
2022-08-17 16:42:52.556  INFO 12452 --- [    Test worker] c.c.b.s.web.dto.IndexControllerTest      : No active profile set, falling back to 1 default profile: "default"
2022-08-17 16:42:52.836  INFO 12452 --- [    Test worker] .s.d.r.c.RepositoryConfigurationDelegate : Bootstrapping Spring Data JPA repositories in DEFAULT mode.
2022-08-17 16:42:52.853  INFO 12452 --- [    Test worker] .s.d.r.c.RepositoryConfigurationDelegate : Finished Spring Data repository scanning in 16 ms. Found 2 JPA repository interfaces.
2022-08-17 16:42:53.204  INFO 12452 --- [    Test worker] o.s.b.w.embedded.tomcat.TomcatWebServer  : Tomcat initialized with port(s): 0 (http)
2022-08-17 16:42:53.219  INFO 12452 --- [    Test worker] o.apache.catalina.core.StandardService   : Starting service [Tomcat]
2022-08-17 16:42:53.219  INFO 12452 --- [    Test worker] org.apache.catalina.core.StandardEngine  : Starting Servlet engine: [Apache Tomcat/9.0.60]
2022-08-17 16:42:53.406  INFO 12452 --- [    Test worker] o.a.c.c.C.[Tomcat].[localhost].[/]       : Initializing Spring embedded WebApplicationContext
2022-08-17 16:42:53.406  INFO 12452 --- [    Test worker] w.s.c.ServletWebServerApplicationContext : Root WebApplicationContext: initialization completed in 844 ms
2022-08-17 16:42:53.444  INFO 12452 --- [    Test worker] com.zaxxer.hikari.HikariDataSource       : HikariPool-2 - Starting...
2022-08-17 16:42:53.444  INFO 12452 --- [    Test worker] com.zaxxer.hikari.HikariDataSource       : HikariPool-2 - Start completed.
2022-08-17 16:42:53.444  INFO 12452 --- [    Test worker] o.s.b.a.h2.H2ConsoleAutoConfiguration    : H2 console available at '/h2-console'. Database available at 'jdbc:h2:mem:testdb'
2022-08-17 16:42:53.640  INFO 12452 --- [    Test worker] o.hibernate.jpa.internal.util.LogHelper  : HHH000204: Processing PersistenceUnitInfo [name: default]
2022-08-17 16:42:53.667  INFO 12452 --- [    Test worker] org.hibernate.dialect.Dialect            : HHH000400: Using dialect: org.hibernate.dialect.MySQL57Dialect
Hibernate: drop table if exists posts
Hibernate: drop table if exists user
Hibernate: create table posts (id bigint not null auto_increment, create_date datetime(6), modified_date datetime(6), author varchar(255), content TEXT not null, title varchar(500) not null, primary key (id)) engine=InnoDB
Hibernate: create table user (id bigint not null auto_increment, create_date datetime(6), modified_date datetime(6), email varchar(255) not null, name varchar(255) not null, picture varchar(255), role varchar(255) not null, primary key (id)) engine=InnoDB
2022-08-17 16:42:53.778  INFO 12452 --- [    Test worker] o.h.e.t.j.p.i.JtaPlatformInitiator       : HHH000490: Using JtaPlatform implementation: [org.hibernate.engine.transaction.jta.platform.internal.NoJtaPlatform]
2022-08-17 16:42:53.778  INFO 12452 --- [    Test worker] j.LocalContainerEntityManagerFactoryBean : Initialized JPA EntityManagerFactory for persistence unit 'default'
2022-08-17 16:42:54.105  WARN 12452 --- [    Test worker] JpaBaseConfiguration$JpaWebConfiguration : spring.jpa.open-in-view is enabled by default. Therefore, database queries may be performed during view rendering. Explicitly configure spring.jpa.open-in-view to disable this warning
2022-08-17 16:42:54.364  INFO 12452 --- [    Test worker] o.s.s.web.DefaultSecurityFilterChain     : Will not secure any request
2022-08-17 16:42:54.546  INFO 12452 --- [    Test worker] o.s.b.a.w.s.WelcomePageHandlerMapping    : Adding welcome page template: index
2022-08-17 16:42:54.820  INFO 12452 --- [    Test worker] o.s.b.w.embedded.tomcat.TomcatWebServer  : Tomcat started on port(s): 61763 (http) with context path ''
2022-08-17 16:42:54.827  INFO 12452 --- [    Test worker] s.a.ScheduledAnnotationBeanPostProcessor : No TaskScheduler/ScheduledExecutorService bean found for scheduled processing
2022-08-17 16:42:54.827  INFO 12452 --- [    Test worker] c.c.b.s.web.dto.IndexControllerTest      : Started IndexControllerTest in 2.304 seconds (JVM running for 12.194)
2022-08-17 16:42:54.955  INFO 12452 --- [o-auto-1-exec-1] o.a.c.c.C.[Tomcat].[localhost].[/]       : Initializing Spring DispatcherServlet 'dispatcherServlet'
2022-08-17 16:42:54.955  INFO 12452 --- [o-auto-1-exec-1] o.s.web.servlet.DispatcherServlet        : Initializing Servlet 'dispatcherServlet'
2022-08-17 16:42:54.955  INFO 12452 --- [o-auto-1-exec-1] o.s.web.servlet.DispatcherServlet        : Completed initialization in 0 ms
Hibernate: select posts0_.id as id1_0_, posts0_.create_date as create_d2_0_, posts0_.modified_date as modified3_0_, posts0_.author as author4_0_, posts0_.content as content5_0_, posts0_.title as title6_0_ from posts posts0_ order by posts0_.id DESC
]]></system-out>
  <system-err><![CDATA[]]></system-err>
</testsuite>
