<?xml version="1.0" encoding="UTF-8"?>
<testsuite name="com.cloncoding.book.springboot.web.dto.IndexControllerTest" tests="1" skipped="0" failures="0" errors="0" timestamp="2022-05-21T08:05:49" hostname="DESKTOP-J70BVHG" time="0.281">
  <properties/>
  <testcase name="메인페이지_로딩()" classname="com.cloncoding.book.springboot.web.dto.IndexControllerTest" time="0.281"/>
  <system-out><![CDATA[17:05:45.806 [Test worker] DEBUG org.springframework.test.context.BootstrapUtils - Instantiating CacheAwareContextLoaderDelegate from class [org.springframework.test.context.cache.DefaultCacheAwareContextLoaderDelegate]
17:05:45.806 [Test worker] DEBUG org.springframework.test.context.BootstrapUtils - Instantiating BootstrapContext using constructor [public org.springframework.test.context.support.DefaultBootstrapContext(java.lang.Class,org.springframework.test.context.CacheAwareContextLoaderDelegate)]
17:05:45.837 [Test worker] DEBUG org.springframework.test.context.BootstrapUtils - Instantiating TestContextBootstrapper for test class [com.cloncoding.book.springboot.web.dto.IndexControllerTest] from class [org.springframework.boot.test.context.SpringBootTestContextBootstrapper]
17:05:45.853 [Test worker] INFO org.springframework.boot.test.context.SpringBootTestContextBootstrapper - Neither @ContextConfiguration nor @ContextHierarchy found for test class [com.cloncoding.book.springboot.web.dto.IndexControllerTest], using SpringBootContextLoader
17:05:45.853 [Test worker] DEBUG org.springframework.test.context.support.AbstractContextLoader - Did not detect default resource location for test class [com.cloncoding.book.springboot.web.dto.IndexControllerTest]: class path resource [com/cloncoding/book/springboot/web/dto/IndexControllerTest-context.xml] does not exist
17:05:45.853 [Test worker] DEBUG org.springframework.test.context.support.AbstractContextLoader - Did not detect default resource location for test class [com.cloncoding.book.springboot.web.dto.IndexControllerTest]: class path resource [com/cloncoding/book/springboot/web/dto/IndexControllerTestContext.groovy] does not exist
17:05:45.853 [Test worker] INFO org.springframework.test.context.support.AbstractContextLoader - Could not detect default resource locations for test class [com.cloncoding.book.springboot.web.dto.IndexControllerTest]: no resource found for suffixes {-context.xml, Context.groovy}.
17:05:45.853 [Test worker] INFO org.springframework.test.context.support.AnnotationConfigContextLoaderUtils - Could not detect default configuration classes for test class [com.cloncoding.book.springboot.web.dto.IndexControllerTest]: IndexControllerTest does not declare any static, non-private, non-final, nested classes annotated with @Configuration.
17:05:45.884 [Test worker] DEBUG org.springframework.test.context.support.ActiveProfilesUtils - Could not find an 'annotation declaring class' for annotation type [org.springframework.test.context.ActiveProfiles] and class [com.cloncoding.book.springboot.web.dto.IndexControllerTest]
17:05:45.962 [Test worker] DEBUG org.springframework.context.annotation.ClassPathScanningCandidateComponentProvider - Identified candidate component class: file [C:\IdeaProjects\frCloneCoding\build\classes\java\main\com\cloncoding\book\springboot\Application.class]
17:05:45.962 [Test worker] INFO org.springframework.boot.test.context.SpringBootTestContextBootstrapper - Found @SpringBootConfiguration com.cloncoding.book.springboot.Application for test class com.cloncoding.book.springboot.web.dto.IndexControllerTest
17:05:46.058 [Test worker] DEBUG org.springframework.boot.test.context.SpringBootTestContextBootstrapper - @TestExecutionListeners is not present for class [com.cloncoding.book.springboot.web.dto.IndexControllerTest]: using defaults.
17:05:46.058 [Test worker] INFO org.springframework.boot.test.context.SpringBootTestContextBootstrapper - Loaded default TestExecutionListener class names from location [META-INF/spring.factories]: [org.springframework.boot.test.autoconfigure.restdocs.RestDocsTestExecutionListener, org.springframework.boot.test.autoconfigure.web.client.MockRestServiceServerResetTestExecutionListener, org.springframework.boot.test.autoconfigure.web.servlet.MockMvcPrintOnlyOnFailureTestExecutionListener, org.springframework.boot.test.autoconfigure.web.servlet.WebDriverTestExecutionListener, org.springframework.boot.test.autoconfigure.webservices.client.MockWebServiceServerTestExecutionListener, org.springframework.boot.test.mock.mockito.MockitoTestExecutionListener, org.springframework.boot.test.mock.mockito.ResetMocksTestExecutionListener, org.springframework.test.context.web.ServletTestExecutionListener, org.springframework.test.context.support.DirtiesContextBeforeModesTestExecutionListener, org.springframework.test.context.event.ApplicationEventsTestExecutionListener, org.springframework.test.context.support.DependencyInjectionTestExecutionListener, org.springframework.test.context.support.DirtiesContextTestExecutionListener, org.springframework.test.context.transaction.TransactionalTestExecutionListener, org.springframework.test.context.jdbc.SqlScriptsTestExecutionListener, org.springframework.test.context.event.EventPublishingTestExecutionListener]
17:05:46.073 [Test worker] INFO org.springframework.boot.test.context.SpringBootTestContextBootstrapper - Using TestExecutionListeners: [org.springframework.test.context.web.ServletTestExecutionListener@457ec347, org.springframework.test.context.support.DirtiesContextBeforeModesTestExecutionListener@ca570a5, org.springframework.test.context.event.ApplicationEventsTestExecutionListener@31e746b8, org.springframework.boot.test.mock.mockito.MockitoTestExecutionListener@3e29ba02, org.springframework.boot.test.autoconfigure.SpringBootDependencyInjectionTestExecutionListener@d7e227b, org.springframework.test.context.support.DirtiesContextTestExecutionListener@2af95b29, org.springframework.test.context.transaction.TransactionalTestExecutionListener@21a01a48, org.springframework.test.context.jdbc.SqlScriptsTestExecutionListener@522a4dd4, org.springframework.test.context.event.EventPublishingTestExecutionListener@2ebbd010, org.springframework.boot.test.autoconfigure.restdocs.RestDocsTestExecutionListener@4efbf6fd, org.springframework.boot.test.autoconfigure.web.client.MockRestServiceServerResetTestExecutionListener@6fa8c730, org.springframework.boot.test.autoconfigure.web.servlet.MockMvcPrintOnlyOnFailureTestExecutionListener@6fec73fc, org.springframework.boot.test.autoconfigure.web.servlet.WebDriverTestExecutionListener@1fa70541, org.springframework.boot.test.autoconfigure.webservices.client.MockWebServiceServerTestExecutionListener@efa4456, org.springframework.boot.test.mock.mockito.ResetMocksTestExecutionListener@27c283fe]
17:05:46.073 [Test worker] DEBUG org.springframework.test.context.support.AbstractDirtiesContextTestExecutionListener - Before test class: context [DefaultTestContext@4d846900 testClass = IndexControllerTest, testInstance = [null], testMethod = [null], testException = [null], mergedContextConfiguration = [WebMergedContextConfiguration@7d8204f9 testClass = IndexControllerTest, locations = '{}', classes = '{class com.cloncoding.book.springboot.Application}', contextInitializerClasses = '[]', activeProfiles = '{}', propertySourceLocations = '{}', propertySourceProperties = '{org.springframework.boot.test.context.SpringBootTestContextBootstrapper=true, server.port=0}', contextCustomizers = set[org.springframework.boot.test.autoconfigure.actuate.metrics.MetricsExportContextCustomizerFactory$DisableMetricExportContextCustomizer@46f271ce, org.springframework.boot.test.autoconfigure.properties.PropertyMappingContextCustomizer@0, org.springframework.boot.test.autoconfigure.web.servlet.WebDriverContextCustomizerFactory$Customizer@688bc3f1, org.springframework.boot.test.context.filter.ExcludeFilterContextCustomizer@774cd280, org.springframework.boot.test.json.DuplicateJsonObjectContextCustomizerFactory$DuplicateJsonObjectContextCustomizer@4d45a544, org.springframework.boot.test.mock.mockito.MockitoContextCustomizer@0, org.springframework.boot.test.web.client.TestRestTemplateContextCustomizer@586b37ad, org.springframework.boot.test.context.SpringBootTestArgs@1, org.springframework.boot.test.context.SpringBootTestWebEnvironment@59a38693], resourceBasePath = 'src/main/webapp', contextLoader = 'org.springframework.boot.test.context.SpringBootContextLoader', parent = [null]], attributes = map['org.springframework.test.context.web.ServletTestExecutionListener.activateListener' -> false]], class annotated with @DirtiesContext [false] with mode [null].
17:05:46.089 [Test worker] DEBUG org.springframework.test.context.support.DependencyInjectionTestExecutionListener - Performing dependency injection for test context [[DefaultTestContext@4d846900 testClass = IndexControllerTest, testInstance = com.cloncoding.book.springboot.web.dto.IndexControllerTest@6d0e923e, testMethod = [null], testException = [null], mergedContextConfiguration = [WebMergedContextConfiguration@7d8204f9 testClass = IndexControllerTest, locations = '{}', classes = '{class com.cloncoding.book.springboot.Application}', contextInitializerClasses = '[]', activeProfiles = '{}', propertySourceLocations = '{}', propertySourceProperties = '{org.springframework.boot.test.context.SpringBootTestContextBootstrapper=true, server.port=0}', contextCustomizers = set[org.springframework.boot.test.autoconfigure.actuate.metrics.MetricsExportContextCustomizerFactory$DisableMetricExportContextCustomizer@46f271ce, org.springframework.boot.test.autoconfigure.properties.PropertyMappingContextCustomizer@0, org.springframework.boot.test.autoconfigure.web.servlet.WebDriverContextCustomizerFactory$Customizer@688bc3f1, org.springframework.boot.test.context.filter.ExcludeFilterContextCustomizer@774cd280, org.springframework.boot.test.json.DuplicateJsonObjectContextCustomizerFactory$DuplicateJsonObjectContextCustomizer@4d45a544, org.springframework.boot.test.mock.mockito.MockitoContextCustomizer@0, org.springframework.boot.test.web.client.TestRestTemplateContextCustomizer@586b37ad, org.springframework.boot.test.context.SpringBootTestArgs@1, org.springframework.boot.test.context.SpringBootTestWebEnvironment@59a38693], resourceBasePath = 'src/main/webapp', contextLoader = 'org.springframework.boot.test.context.SpringBootContextLoader', parent = [null]], attributes = map['org.springframework.test.context.web.ServletTestExecutionListener.activateListener' -> false, 'org.springframework.test.context.event.ApplicationEventsTestExecutionListener.recordApplicationEvents' -> false]]].

  .   ____          _            __ _ _
 /\\ / ___'_ __ _ _(_)_ __  __ _ \ \ \ \
( ( )\___ | '_ | '_| | '_ \/ _` | \ \ \ \
 \\/  ___)| |_)| | | | | || (_| |  ) ) ) )
  '  |____| .__|_| |_|_| |_\__, | / / / /
 =========|_|==============|___/=/_/_/_/
 :: Spring Boot ::                (v2.6.6)

2022-05-21 17:05:46.357  INFO 21776 --- [    Test worker] c.c.b.s.web.dto.IndexControllerTest      : Starting IndexControllerTest using Java 11.0.12 on DESKTOP-J70BVHG with PID 21776 (started by admin in C:\IdeaProjects\frCloneCoding)
2022-05-21 17:05:46.357  INFO 21776 --- [    Test worker] c.c.b.s.web.dto.IndexControllerTest      : No active profile set, falling back to 1 default profile: "default"
2022-05-21 17:05:46.868  INFO 21776 --- [    Test worker] .s.d.r.c.RepositoryConfigurationDelegate : Bootstrapping Spring Data JPA repositories in DEFAULT mode.
2022-05-21 17:05:46.914  INFO 21776 --- [    Test worker] .s.d.r.c.RepositoryConfigurationDelegate : Finished Spring Data repository scanning in 38 ms. Found 1 JPA repository interfaces.
2022-05-21 17:05:47.513  INFO 21776 --- [    Test worker] o.s.b.w.embedded.tomcat.TomcatWebServer  : Tomcat initialized with port(s): 0 (http)
2022-05-21 17:05:47.523  INFO 21776 --- [    Test worker] o.apache.catalina.core.StandardService   : Starting service [Tomcat]
2022-05-21 17:05:47.523  INFO 21776 --- [    Test worker] org.apache.catalina.core.StandardEngine  : Starting Servlet engine: [Apache Tomcat/9.0.60]
2022-05-21 17:05:47.664  INFO 21776 --- [    Test worker] o.a.c.c.C.[Tomcat].[localhost].[/]       : Initializing Spring embedded WebApplicationContext
2022-05-21 17:05:47.664  INFO 21776 --- [    Test worker] w.s.c.ServletWebServerApplicationContext : Root WebApplicationContext: initialization completed in 1292 ms
2022-05-21 17:05:47.704  INFO 21776 --- [    Test worker] com.zaxxer.hikari.HikariDataSource       : HikariPool-1 - Starting...
2022-05-21 17:05:47.881  INFO 21776 --- [    Test worker] com.zaxxer.hikari.HikariDataSource       : HikariPool-1 - Start completed.
2022-05-21 17:05:47.891  INFO 21776 --- [    Test worker] o.s.b.a.h2.H2ConsoleAutoConfiguration    : H2 console available at '/h2-console'. Database available at 'jdbc:h2:mem:testdb'
2022-05-21 17:05:48.120  INFO 21776 --- [    Test worker] o.hibernate.jpa.internal.util.LogHelper  : HHH000204: Processing PersistenceUnitInfo [name: default]
2022-05-21 17:05:48.170  INFO 21776 --- [    Test worker] org.hibernate.Version                    : HHH000412: Hibernate ORM core version 5.6.7.Final
2022-05-21 17:05:48.341  INFO 21776 --- [    Test worker] o.hibernate.annotations.common.Version   : HCANN000001: Hibernate Commons Annotations {5.1.2.Final}
2022-05-21 17:05:48.451  INFO 21776 --- [    Test worker] org.hibernate.dialect.Dialect            : HHH000400: Using dialect: org.hibernate.dialect.MySQL57Dialect
Hibernate: 
    
    drop table if exists posts
Hibernate: 
    
    create table posts (
       id bigint not null auto_increment,
        create_date datetime(6),
        modified_date datetime(6),
        author varchar(255),
        content TEXT not null,
        title varchar(500) not null,
        primary key (id)
    ) engine=InnoDB
2022-05-21 17:05:49.016  INFO 21776 --- [    Test worker] o.h.e.t.j.p.i.JtaPlatformInitiator       : HHH000490: Using JtaPlatform implementation: [org.hibernate.engine.transaction.jta.platform.internal.NoJtaPlatform]
2022-05-21 17:05:49.016  INFO 21776 --- [    Test worker] j.LocalContainerEntityManagerFactoryBean : Initialized JPA EntityManagerFactory for persistence unit 'default'
2022-05-21 17:05:49.331  WARN 21776 --- [    Test worker] JpaBaseConfiguration$JpaWebConfiguration : spring.jpa.open-in-view is enabled by default. Therefore, database queries may be performed during view rendering. Explicitly configure spring.jpa.open-in-view to disable this warning
2022-05-21 17:05:49.582  INFO 21776 --- [    Test worker] o.s.b.a.w.s.WelcomePageHandlerMapping    : Adding welcome page template: index
2022-05-21 17:05:49.847  INFO 21776 --- [    Test worker] o.s.b.w.embedded.tomcat.TomcatWebServer  : Tomcat started on port(s): 5997 (http) with context path ''
2022-05-21 17:05:49.847  INFO 21776 --- [    Test worker] c.c.b.s.web.dto.IndexControllerTest      : Started IndexControllerTest in 3.745 seconds (JVM running for 4.903)
2022-05-21 17:05:50.040  INFO 21776 --- [o-auto-1-exec-1] o.a.c.c.C.[Tomcat].[localhost].[/]       : Initializing Spring DispatcherServlet 'dispatcherServlet'
2022-05-21 17:05:50.040  INFO 21776 --- [o-auto-1-exec-1] o.s.web.servlet.DispatcherServlet        : Initializing Servlet 'dispatcherServlet'
2022-05-21 17:05:50.040  INFO 21776 --- [o-auto-1-exec-1] o.s.web.servlet.DispatcherServlet        : Completed initialization in 0 ms
]]></system-out>
  <system-err><![CDATA[]]></system-err>
</testsuite>
