<?xml version="1.0" encoding="UTF-8"?>
<testsuite name="com.cloncoding.book.springboot.web.PostsApiControllerTest" tests="2" skipped="0" failures="0" errors="0" timestamp="2022-08-17T07:42:55" hostname="DESKTOP-04I5B75" time="0.154">
  <properties/>
  <testcase name="Posts_등록된다()" classname="com.cloncoding.book.springboot.web.PostsApiControllerTest" time="0.093"/>
  <testcase name="Posts_수정된다()" classname="com.cloncoding.book.springboot.web.PostsApiControllerTest" time="0.06"/>
  <system-out><![CDATA[2022-08-17 16:42:55.068  INFO 12452 --- [    Test worker] .b.t.c.SpringBootTestContextBootstrapper : Neither @ContextConfiguration nor @ContextHierarchy found for test class [com.cloncoding.book.springboot.web.PostsApiControllerTest], using SpringBootContextLoader
2022-08-17 16:42:55.068  INFO 12452 --- [    Test worker] o.s.t.c.support.AbstractContextLoader    : Could not detect default resource locations for test class [com.cloncoding.book.springboot.web.PostsApiControllerTest]: no resource found for suffixes {-context.xml, Context.groovy}.
2022-08-17 16:42:55.068  INFO 12452 --- [    Test worker] t.c.s.AnnotationConfigContextLoaderUtils : Could not detect default configuration classes for test class [com.cloncoding.book.springboot.web.PostsApiControllerTest]: PostsApiControllerTest does not declare any static, non-private, non-final, nested classes annotated with @Configuration.
2022-08-17 16:42:55.072  INFO 12452 --- [    Test worker] .b.t.c.SpringBootTestContextBootstrapper : Found @SpringBootConfiguration com.cloncoding.book.springboot.Application for test class com.cloncoding.book.springboot.web.PostsApiControllerTest
2022-08-17 16:42:55.075  INFO 12452 --- [    Test worker] .b.t.c.SpringBootTestContextBootstrapper : Loaded default TestExecutionListener class names from location [META-INF/spring.factories]: [org.springframework.security.test.context.support.WithSecurityContextTestExecutionListener, org.springframework.security.test.context.support.ReactorContextTestExecutionListener, org.springframework.boot.test.autoconfigure.restdocs.RestDocsTestExecutionListener, org.springframework.boot.test.autoconfigure.web.client.MockRestServiceServerResetTestExecutionListener, org.springframework.boot.test.autoconfigure.web.servlet.MockMvcPrintOnlyOnFailureTestExecutionListener, org.springframework.boot.test.autoconfigure.web.servlet.WebDriverTestExecutionListener, org.springframework.boot.test.autoconfigure.webservices.client.MockWebServiceServerTestExecutionListener, org.springframework.boot.test.mock.mockito.MockitoTestExecutionListener, org.springframework.boot.test.mock.mockito.ResetMocksTestExecutionListener, org.springframework.test.context.web.ServletTestExecutionListener, org.springframework.test.context.support.DirtiesContextBeforeModesTestExecutionListener, org.springframework.test.context.event.ApplicationEventsTestExecutionListener, org.springframework.test.context.support.DependencyInjectionTestExecutionListener, org.springframework.test.context.support.DirtiesContextTestExecutionListener, org.springframework.test.context.transaction.TransactionalTestExecutionListener, org.springframework.test.context.jdbc.SqlScriptsTestExecutionListener, org.springframework.test.context.event.EventPublishingTestExecutionListener]
2022-08-17 16:42:55.075  INFO 12452 --- [    Test worker] .b.t.c.SpringBootTestContextBootstrapper : Using TestExecutionListeners: [org.springframework.test.context.web.ServletTestExecutionListener@425a2761, org.springframework.test.context.support.DirtiesContextBeforeModesTestExecutionListener@4b03675e, org.springframework.test.context.event.ApplicationEventsTestExecutionListener@6b3661dc, org.springframework.boot.test.mock.mockito.MockitoTestExecutionListener@e226195, org.springframework.boot.test.autoconfigure.SpringBootDependencyInjectionTestExecutionListener@1dd02e1f, org.springframework.test.context.support.DirtiesContextTestExecutionListener@4d39936c, org.springframework.test.context.transaction.TransactionalTestExecutionListener@15592396, org.springframework.test.context.jdbc.SqlScriptsTestExecutionListener@86ac661, org.springframework.security.test.context.support.WithSecurityContextTestExecutionListener@14d6b1a5, org.springframework.test.context.event.EventPublishingTestExecutionListener@15f5e2a0, org.springframework.security.test.context.support.ReactorContextTestExecutionListener@496c261b, org.springframework.boot.test.autoconfigure.restdocs.RestDocsTestExecutionListener@176bb899, org.springframework.boot.test.autoconfigure.web.client.MockRestServiceServerResetTestExecutionListener@36917848, org.springframework.boot.test.autoconfigure.web.servlet.MockMvcPrintOnlyOnFailureTestExecutionListener@c4b6cd8, org.springframework.boot.test.autoconfigure.web.servlet.WebDriverTestExecutionListener@243fdfb4, org.springframework.boot.test.autoconfigure.webservices.client.MockWebServiceServerTestExecutionListener@6eda14da, org.springframework.boot.test.mock.mockito.ResetMocksTestExecutionListener@53b46271]
2022-08-17 16:42:55.085  INFO 12452 --- [    Test worker] o.a.c.c.C.[Tomcat].[localhost].[/]       : Initializing Spring TestDispatcherServlet ''
2022-08-17 16:42:55.085  INFO 12452 --- [    Test worker] o.s.t.web.servlet.TestDispatcherServlet  : Initializing Servlet ''
2022-08-17 16:42:55.085  INFO 12452 --- [    Test worker] o.s.t.web.servlet.TestDispatcherServlet  : Completed initialization in 0 ms
Hibernate: insert into posts (create_date, modified_date, author, content, title) values (?, ?, ?, ?, ?)
Hibernate: select posts0_.id as id1_0_, posts0_.create_date as create_d2_0_, posts0_.modified_date as modified3_0_, posts0_.author as author4_0_, posts0_.content as content5_0_, posts0_.title as title6_0_ from posts posts0_
Hibernate: select posts0_.id as id1_0_, posts0_.create_date as create_d2_0_, posts0_.modified_date as modified3_0_, posts0_.author as author4_0_, posts0_.content as content5_0_, posts0_.title as title6_0_ from posts posts0_
Hibernate: delete from posts where id=?
2022-08-17 16:42:55.175  INFO 12452 --- [    Test worker] o.a.c.c.C.[Tomcat].[localhost].[/]       : Initializing Spring TestDispatcherServlet ''
2022-08-17 16:42:55.175  INFO 12452 --- [    Test worker] o.s.t.web.servlet.TestDispatcherServlet  : Initializing Servlet ''
2022-08-17 16:42:55.175  INFO 12452 --- [    Test worker] o.s.t.web.servlet.TestDispatcherServlet  : Completed initialization in 0 ms
Hibernate: insert into posts (create_date, modified_date, author, content, title) values (?, ?, ?, ?, ?)
Hibernate: select posts0_.id as id1_0_0_, posts0_.create_date as create_d2_0_0_, posts0_.modified_date as modified3_0_0_, posts0_.author as author4_0_0_, posts0_.content as content5_0_0_, posts0_.title as title6_0_0_ from posts posts0_ where posts0_.id=?
Hibernate: update posts set create_date=?, modified_date=?, author=?, content=?, title=? where id=?
Hibernate: select posts0_.id as id1_0_, posts0_.create_date as create_d2_0_, posts0_.modified_date as modified3_0_, posts0_.author as author4_0_, posts0_.content as content5_0_, posts0_.title as title6_0_ from posts posts0_
Hibernate: select posts0_.id as id1_0_, posts0_.create_date as create_d2_0_, posts0_.modified_date as modified3_0_, posts0_.author as author4_0_, posts0_.content as content5_0_, posts0_.title as title6_0_ from posts posts0_
Hibernate: delete from posts where id=?
]]></system-out>
  <system-err><![CDATA[]]></system-err>
</testsuite>
